[debug] [2023-08-30T19:50:28.899Z] ----------------------------------------------------------------------
[debug] [2023-08-30T19:50:28.906Z] Command:       C:\Users\croba\node.exe C:\Users\croba\AppData\Roaming\npm\node_modules\firebase-tools\lib\bin\firebase.js login
[debug] [2023-08-30T19:50:28.906Z] CLI Version:   12.5.2
[debug] [2023-08-30T19:50:28.907Z] Platform:      win32
[debug] [2023-08-30T19:50:28.908Z] Node Version:  v18.16.0
[debug] [2023-08-30T19:50:28.922Z] Time:          Wed Aug 30 2023 15:50:28 GMT-0400 (Eastern Daylight Time)
[debug] [2023-08-30T19:50:28.922Z] ----------------------------------------------------------------------
[debug] 
[debug] [2023-08-30T19:50:28.953Z] >>> [apiv2][query] GET https://firebase-public.firebaseio.com/cli.json [none]
[info] i  Firebase optionally collects CLI and Emulator Suite usage and error reporting information to help improve our products. Data is collected in accordance with Google's privacy policy (https://policies.google.com/privacy) and is not used to identify you.
 
[debug] [2023-08-30T19:50:29.398Z] <<< [apiv2][status] GET https://firebase-public.firebaseio.com/cli.json 200
[debug] [2023-08-30T19:50:29.399Z] <<< [apiv2][body] GET https://firebase-public.firebaseio.com/cli.json {"cloudBuildErrorAfter":1594252800000,"cloudBuildWarnAfter":1590019200000,"defaultNode10After":1594252800000,"minVersion":"3.0.5","node8DeploysDisabledAfter":1613390400000,"node8RuntimeDisabledAfter":1615809600000,"node8WarnAfter":1600128000000}
[warn] !  Unable to fetch the CLI MOTD and remote config. 
[debug] [2023-08-30T19:50:29.401Z] Failed to fetch MOTD Error: EPERM: operation not permitted, mkdir 'C:\Users\croba\.config\configstore'
[debug] [2023-08-30T19:50:40.044Z] Error: EPERM: operation not permitted, mkdir 'C:\Users\croba\.config\configstore'
    at Object.mkdirSync (node:fs:1396:3)
    at module.exports.sync (C:\Users\croba\AppData\Roaming\npm\node_modules\firebase-tools\node_modules\make-dir\index.js:114:6)
    at set all [as all] (C:\Users\croba\AppData\Roaming\npm\node_modules\firebase-tools\node_modules\configstore\index.js:59:12)
    at Configstore.set (C:\Users\croba\AppData\Roaming\npm\node_modules\firebase-tools\node_modules\configstore\index.js:91:12)
    at Command.actionFn (C:\Users\croba\AppData\Roaming\npm\node_modules\firebase-tools\lib\commands\login.js:37:35)
    at process.processTicksAndRejections (node:internal/process/task_queues:95:5)
[error] 
[error] Error: An unexpected error has occurred.
[debug] [2023-08-30T19:50:40.773Z] Error: EPERM: operation not permitted, mkdir 'C:\Users\croba\.config\configstore'
    at Object.mkdirSync (node:fs:1396:3)
    at module.exports.sync (C:\Users\croba\AppData\Roaming\npm\node_modules\firebase-tools\node_modules\make-dir\index.js:114:6)
    at set all [as all] (C:\Users\croba\AppData\Roaming\npm\node_modules\firebase-tools\node_modules\configstore\index.js:59:12)
    at Configstore.set (C:\Users\croba\AppData\Roaming\npm\node_modules\firebase-tools\node_modules\configstore\index.js:91:12)
    at process.<anonymous> (C:\Users\croba\AppData\Roaming\npm\node_modules\firebase-tools\lib\bin\firebase.js:102:35)
    at process.emit (node:events:525:35)
    at process.emit (node:domain:489:12)
    at process.exit (node:internal/process/per_thread:192:15)
    at Timeout._onTimeout (C:\Users\croba\AppData\Roaming\npm\node_modules\firebase-tools\lib\errorOut.js:20:17)
    at listOnTimeout (node:internal/timers:569:17)
[error] 
[error] Error: An unexpected error has occurred.
